<?xml version="1.0" encoding="UTF-8"?>
<!-- Generated by org.testng.reporters.JUnitReportReporter -->
<testsuite hostname="DESKTOP-154SEC5" failures="0" tests="1" name="selenium.AutomationTest.MakeAppointmentTest" time="4.275" errors="0" timestamp="2023-09-25T02:56:54 WIB" skipped="0">
  <testcase classname="selenium.AutomationTest.MakeAppointmentTest" name="inputValidAppointment" time="4.275"/>
</testsuite> <!-- selenium.AutomationTest.MakeAppointmentTest -->
