<?xml version="1.0" encoding="UTF-8"?>
<!-- Generated by org.testng.reporters.JUnitReportReporter -->
<testsuite hostname="DESKTOP-154SEC5" failures="0" tests="1" name="selenium.AutomationTest.AppTest" time="0.013" errors="0" timestamp="2023-09-25T00:06:14 WIB" skipped="0">
  <testcase classname="selenium.AutomationTest.AppTest" name="shouldIdAnswerWithTrue" time="0.013"/>
</testsuite> <!-- selenium.AutomationTest.AppTest -->
