<?xml version="1.0" encoding="UTF-8"?>
<!-- Generated by org.testng.reporters.JUnitReportReporter -->
<testsuite hostname="DESKTOP-154SEC5" failures="0" tests="1" name="selenium.AutomationTest.MakeAppointmentTest" time="5.415" errors="0" timestamp="2023-09-25T03:36:10 WIB" skipped="0">
  <testcase classname="selenium.AutomationTest.MakeAppointmentTest" name="inputValidAppointment" time="5.415"/>
</testsuite> <!-- selenium.AutomationTest.MakeAppointmentTest -->
